<?xml version="1.0" encoding="UTF-8"?>
<testsuite name="ParkingLotTest" tests="9" skipped="0" failures="0" errors="0" timestamp="2019-12-01T07:21:00" hostname="Qianrus-MacBook-Pro.local" time="0.021">
  <properties/>
  <testcase name="should_return_true_when_parking_lot_not_full()" classname="ParkingLotTest" time="0.008"/>
  <testcase name="should_return_a_ticket_when_park_one_car()" classname="ParkingLotTest" time="0.001"/>
  <testcase name="should_return_null_when_pick_parked_car()" classname="ParkingLotTest" time="0.0"/>
  <testcase name="should_return_null_when_parking_is_full_and_park_one_car()" classname="ParkingLotTest" time="0.0"/>
  <testcase name="should_return_false_when_parking_lot_is_full()" classname="ParkingLotTest" time="0.001"/>
  <testcase name="should_not_full_when_create_a_new_parking_lot()" classname="ParkingLotTest" time="0.0"/>
  <testcase name="should_return_car_when_pick_up_parked_car()" classname="ParkingLotTest" time="0.002"/>
  <testcase name="should_return_null_when_use_fake_ticket_pick_parked_car()" classname="ParkingLotTest" time="0.0"/>
  <testcase name="should_return_ticket_when_parking_lot_can_park_one_car()" classname="ParkingLotTest" time="0.001"/>
  <system-out><![CDATA[]]></system-out>
  <system-err><![CDATA[]]></system-err>
</testsuite>
